miles750.col                           bestColoring 31 lb 31 subproblems 98
le450_25c.col                                                      time out
miles1500.col                          bestColoring 73 lb 73 subproblems 56
le450_5c.col            bestColoring 5 lb(not confirmed) 5 subproblems 2310
le450_5b.col                                                       time out
miles250.col                            bestColoring 8 lb 8 subproblems 121
inithx.i.1.col                        bestColoring 54 lb 54 subproblems 811
huck.col                               bestColoring 11 lb 11 subproblems 64
miles500.col                          bestColoring 20 lb 20 subproblems 109
zeroin.i.3.col                        bestColoring 30 lb 30 subproblems 177
queen16_16.col                                                     time out
queen12_12.col                                                     time out
mulsol.i.3.col                        bestColoring 31 lb 31 subproblems 154
david.col                              bestColoring 11 lb 11 subproblems 77
fpsol2.i.1.col                        bestColoring 65 lb 65 subproblems 432
homer.col                             bestColoring 13 lb 13 subproblems 549
myciel4.col                             bestColoring 5 lb 2 subproblems 848
jean.col                               bestColoring 10 lb 10 subproblems 71
inithx.i.3.col                        bestColoring 31 lb 31 subproblems 591
le450_15a.col                                                      time out
fpsol2.i.2.col                        bestColoring 30 lb 30 subproblems 422
school1.col            bestColoring 14 lb(not confirmed) 14 subproblems 372
queen14_14.col                                                     time out
myciel7.col                                                        time out
queen10_10.col                                                     time out
fpsol2.i.3.col                        bestColoring 30 lb 30 subproblems 396
mulsol.i.4.col                        bestColoring 31 lb 31 subproblems 155
le450_25a.col                         bestColoring 25 lb 25 subproblems 426
le450_15b.col                                                      time out
anna.col                              bestColoring 11 lb 11 subproblems 128
zeroin.i.1.col                        bestColoring 49 lb 49 subproblems 163
games120.col                            bestColoring 9 lb 9 subproblems 112
mulsol.i.2.col                        bestColoring 31 lb 31 subproblems 158
le450_25d.col                                                      time out
queen5_5.col                             bestColoring 5 lb 5 subproblems 21
zeroin.i.2.col                        bestColoring 30 lb 30 subproblems 182
myciel5.col                                                        time out
school1_nsh.col        bestColoring 14 lb(not confirmed) 13 subproblems 340
le450_15c.col                                                      time out
le450_25b.col                         bestColoring 25 lb 25 subproblems 426
queen9_9.col                                                       time out
queen11_11.col                                                     time out
queen8_12.col                         bestColoring 12 lb 12 subproblems 164
miles1000.col                          bestColoring 42 lb 42 subproblems 87
myciel6.col                                                        time out
queen13_13.col                                                     time out
le450_5a.col                                                       time out
mulsol.i.1.col                        bestColoring 49 lb 49 subproblems 149
queen7_7.col                           bestColoring 7 lb 7 subproblems 6849
queen6_6.col                           bestColoring 7 lb 6 subproblems 1865
mulsol.i.5.col                        bestColoring 31 lb 31 subproblems 156
le450_15d.col                                                      time out
le450_5d.col                                                       time out
inithx.i.2.col                        bestColoring 31 lb 31 subproblems 615
myciel3.col                              bestColoring 4 lb 2 subproblems 27
queen8_8.col                                                       time out
queen15_15.col                                                     time out
